This is pdfTeX, Version 3.1415926-2.5-1.40.14 (TeX Live 2013) (format=pdflatex 2013.5.30)  15 MAR 2014 11:08
entering extended mode
 restricted \write18 enabled.
 %&-line parsing enabled.
**Hypermatrix_Algebra_Package
(./Hypermatrix_Algebra_Package.tex
LaTeX2e <2011/06/27>
Babel <3.9f> and hyphenation patterns for 78 languages loaded.
(/usr/local/texlive/2013/texmf-dist/tex/latex/base/article.cls
Document Class: article 2007/10/19 v1.4h Standard LaTeX document class
(/usr/local/texlive/2013/texmf-dist/tex/latex/base/size10.clo
File: size10.clo 2007/10/19 v1.4h Standard LaTeX file (size option)
)
\c@part=\count79
\c@section=\count80
\c@subsection=\count81
\c@subsubsection=\count82
\c@paragraph=\count83
\c@subparagraph=\count84
\c@figure=\count85
\c@table=\count86
\abovecaptionskip=\skip41
\belowcaptionskip=\skip42
\bibindent=\dimen102
)
(/usr/local/texlive/2013/texmf-dist/tex/latex/base/fontenc.sty
Package: fontenc 2005/09/27 v1.99g Standard LaTeX package

(/usr/local/texlive/2013/texmf-dist/tex/latex/base/t1enc.def
File: t1enc.def 2005/09/27 v1.99g Standard LaTeX file
LaTeX Font Info:    Redeclaring font encoding T1 on input line 43.
))
(/usr/local/texlive/2013/texmf-dist/tex/latex/base/inputenc.sty
Package: inputenc 2008/03/30 v1.1d Input encoding file
\inpenc@prehook=\toks14
\inpenc@posthook=\toks15

(/usr/local/texlive/2013/texmf-dist/tex/latex/base/latin9.def
File: latin9.def 2008/03/30 v1.1d Input encoding file
))
(/usr/local/texlive/2013/texmf-dist/tex/latex/geometry/geometry.sty
Package: geometry 2010/09/12 v5.6 Page Geometry

(/usr/local/texlive/2013/texmf-dist/tex/latex/graphics/keyval.sty
Package: keyval 1999/03/16 v1.13 key=value parser (DPC)
\KV@toks@=\toks16
)
(/usr/local/texlive/2013/texmf-dist/tex/generic/oberdiek/ifpdf.sty
Package: ifpdf 2011/01/30 v2.3 Provides the ifpdf switch (HO)
Package ifpdf Info: pdfTeX in PDF mode is detected.
)
(/usr/local/texlive/2013/texmf-dist/tex/generic/oberdiek/ifvtex.sty
Package: ifvtex 2010/03/01 v1.5 Detect VTeX and its facilities (HO)
Package ifvtex Info: VTeX not detected.
)
(/usr/local/texlive/2013/texmf-dist/tex/generic/ifxetex/ifxetex.sty
Package: ifxetex 2010/09/12 v0.6 Provides ifxetex conditional
)
\Gm@cnth=\count87
\Gm@cntv=\count88
\c@Gm@tempcnt=\count89
\Gm@bindingoffset=\dimen103
\Gm@wd@mp=\dimen104
\Gm@odd@mp=\dimen105
\Gm@even@mp=\dimen106
\Gm@layoutwidth=\dimen107
\Gm@layoutheight=\dimen108
\Gm@layouthoffset=\dimen109
\Gm@layoutvoffset=\dimen110
\Gm@dimlist=\toks17
)
(/usr/local/texlive/2013/texmf-dist/tex/latex/amsmath/amsmath.sty
Package: amsmath 2013/01/14 v2.14 AMS math features
\@mathmargin=\skip43

For additional information on amsmath, use the `?' option.
(/usr/local/texlive/2013/texmf-dist/tex/latex/amsmath/amstext.sty
Package: amstext 2000/06/29 v2.01

(/usr/local/texlive/2013/texmf-dist/tex/latex/amsmath/amsgen.sty
File: amsgen.sty 1999/11/30 v2.0
\@emptytoks=\toks18
\ex@=\dimen111
))
(/usr/local/texlive/2013/texmf-dist/tex/latex/amsmath/amsbsy.sty
Package: amsbsy 1999/11/29 v1.2d
\pmbraise@=\dimen112
)
(/usr/local/texlive/2013/texmf-dist/tex/latex/amsmath/amsopn.sty
Package: amsopn 1999/12/14 v2.01 operator names
)
\inf@bad=\count90
LaTeX Info: Redefining \frac on input line 210.
\uproot@=\count91
\leftroot@=\count92
LaTeX Info: Redefining \overline on input line 306.
\classnum@=\count93
\DOTSCASE@=\count94
LaTeX Info: Redefining \ldots on input line 378.
LaTeX Info: Redefining \dots on input line 381.
LaTeX Info: Redefining \cdots on input line 466.
\Mathstrutbox@=\box26
\strutbox@=\box27
\big@size=\dimen113
LaTeX Font Info:    Redeclaring font encoding OML on input line 566.
LaTeX Font Info:    Redeclaring font encoding OMS on input line 567.
\macc@depth=\count95
\c@MaxMatrixCols=\count96
\dotsspace@=\muskip10
\c@parentequation=\count97
\dspbrk@lvl=\count98
\tag@help=\toks19
\row@=\count99
\column@=\count100
\maxfields@=\count101
\andhelp@=\toks20
\eqnshift@=\dimen114
\alignsep@=\dimen115
\tagshift@=\dimen116
\tagwidth@=\dimen117
\totwidth@=\dimen118
\lineht@=\dimen119
\@envbody=\toks21
\multlinegap=\skip44
\multlinetaggap=\skip45
\mathdisplay@stack=\toks22
LaTeX Info: Redefining \[ on input line 2665.
LaTeX Info: Redefining \] on input line 2666.
)
(/usr/local/texlive/2013/texmf-dist/tex/latex/amsfonts/amssymb.sty
Package: amssymb 2013/01/14 v3.01 AMS font symbols

(/usr/local/texlive/2013/texmf-dist/tex/latex/amsfonts/amsfonts.sty
Package: amsfonts 2013/01/14 v3.01 Basic AMSFonts support
\symAMSa=\mathgroup4
\symAMSb=\mathgroup5
LaTeX Font Info:    Overwriting math alphabet `\mathfrak' in version `bold'
(Font)                  U/euf/m/n --> U/euf/b/n on input line 106.
))
(/usr/local/texlive/2013/texmf-dist/tex/latex/esint/esint.sty
Package: esint 
\symlargesymbolsA=\mathgroup6
)
(/usr/local/texlive/2013/texmf-dist/tex/latex/graphics/color.sty
Package: color 2005/11/14 v1.0j Standard LaTeX Color (DPC)

(/usr/local/texlive/2013/texmf-dist/tex/latex/latexconfig/color.cfg
File: color.cfg 2007/01/18 v1.5 color configuration of teTeX/TeXLive
)
Package color Info: Driver file: pdftex.def on input line 130.

(/usr/local/texlive/2013/texmf-dist/tex/latex/pdftex-def/pdftex.def
File: pdftex.def 2011/05/27 v0.06d Graphics/color for pdfTeX

(/usr/local/texlive/2013/texmf-dist/tex/generic/oberdiek/infwarerr.sty
Package: infwarerr 2010/04/08 v1.3 Providing info/warning/error messages (HO)
)
(/usr/local/texlive/2013/texmf-dist/tex/generic/oberdiek/ltxcmds.sty
Package: ltxcmds 2011/11/09 v1.22 LaTeX kernel commands for general use (HO)
)
\Gread@gobject=\count102
))
(/usr/local/texlive/2013/texmf-dist/tex/generic/babel/babel.sty
Package: babel 2013/05/16 v3.9f The Babel package

(/usr/local/texlive/2013/texmf-dist/tex/generic/babel-english/english.ldf
Language: english 2012/08/20 v3.3p English support from the babel system

(/usr/local/texlive/2013/texmf-dist/tex/generic/babel/babel.def
File: babel.def 2013/05/16 v3.9f Babel common definitions
\babel@savecnt=\count103
\U@D=\dimen120
)
\l@canadian = a dialect from \language\l@american 
\l@australian = a dialect from \language\l@british 
\l@newzealand = a dialect from \language\l@british 
))
(/usr/local/texlive/2013/texmf-dist/tex/latex/units/nicefrac.sty
Package: nicefrac 1998/08/04 v0.9b Nice fractions
\L@UnitsRaiseDisplaystyle=\skip46
\L@UnitsRaiseTextstyle=\skip47
\L@UnitsRaiseScriptstyle=\skip48

(/usr/local/texlive/2013/texmf-dist/tex/latex/base/ifthen.sty
Package: ifthen 2001/05/26 v1.1c Standard LaTeX ifthen package (DPC)
)) (./sagetex.sty
Package: sagetex 2012/01/16 v2.3.3-69dcb0eb93de embedding Sage into LaTeX docum
ents

(/usr/local/texlive/2013/texmf-dist/tex/latex/tools/verbatim.sty
Package: verbatim 2003/08/22 v1.5q LaTeX2e package for verbatim enhancements
\every@verbatim=\toks23
\verbatim@line=\toks24
\verbatim@in@stream=\read1
)
(/usr/local/texlive/2013/texmf-dist/tex/latex/fancyvrb/fancyvrb.sty
Package: fancyvrb 2008/02/07

Style option: `fancyvrb' v2.7a, with DG/SPQR fixes, and firstline=lastline fix 
<2008/02/07> (tvz)
\FV@CodeLineNo=\count104
\FV@InFile=\read2
\FV@TabBox=\box28
\c@FancyVerbLine=\count105
\FV@StepNumber=\count106
\FV@OutFile=\write3
)
(/usr/local/texlive/2013/texmf-dist/tex/latex/listings/listings.sty
\lst@mode=\count107
\lst@gtempboxa=\box29
\lst@token=\toks25
\lst@length=\count108
\lst@currlwidth=\dimen121
\lst@column=\count109
\lst@pos=\count110
\lst@lostspace=\dimen122
\lst@width=\dimen123
\lst@newlines=\count111
\lst@lineno=\count112
\lst@maxwidth=\dimen124

(/usr/local/texlive/2013/texmf-dist/tex/latex/listings/lstmisc.sty
File: lstmisc.sty 2007/02/22 1.4 (Carsten Heinz)
\c@lstnumber=\count113
\lst@skipnumbers=\count114
\lst@framebox=\box30
)
(/usr/local/texlive/2013/texmf-dist/tex/latex/listings/listings.cfg
File: listings.cfg 2007/02/22 1.4 listings configuration
))
Package: listings 2007/02/22 1.4 (Carsten Heinz)

(/usr/local/texlive/2013/texmf-dist/tex/latex/graphics/graphicx.sty
Package: graphicx 1999/02/16 v1.0f Enhanced LaTeX Graphics (DPC,SPQR)

(/usr/local/texlive/2013/texmf-dist/tex/latex/graphics/graphics.sty
Package: graphics 2009/02/05 v1.0o Standard LaTeX Graphics (DPC,SPQR)

(/usr/local/texlive/2013/texmf-dist/tex/latex/graphics/trig.sty
Package: trig 1999/03/16 v1.09 sin cos tan (DPC)
)
(/usr/local/texlive/2013/texmf-dist/tex/latex/latexconfig/graphics.cfg
File: graphics.cfg 2010/04/23 v1.9 graphics configuration of TeX Live
)
Package graphics Info: Driver file: pdftex.def on input line 91.
)
\Gin@req@height=\dimen125
\Gin@req@width=\dimen126
)
(/usr/local/texlive/2013/texmf-dist/tex/latex/makecmds/makecmds.sty
Package: makecmds 2009/09/03 v1.0a extra command making commands
)
\c@ST@inline=\count115
\c@ST@plot=\count116
\c@ST@cmdline=\count117
\sagetexindent=\skip49

(./Hypermatrix_Algebra_Package.sagetex.sout)
\sagecommandlineskip=\skip50
)
(./Hypermatrix_Algebra_Package.aux)
\openout1 = `Hypermatrix_Algebra_Package.aux'.

LaTeX Font Info:    Checking defaults for OML/cmm/m/it on input line 30.
LaTeX Font Info:    ... okay on input line 30.
LaTeX Font Info:    Checking defaults for T1/cmr/m/n on input line 30.
LaTeX Font Info:    ... okay on input line 30.
LaTeX Font Info:    Checking defaults for OT1/cmr/m/n on input line 30.
LaTeX Font Info:    ... okay on input line 30.
LaTeX Font Info:    Checking defaults for OMS/cmsy/m/n on input line 30.
LaTeX Font Info:    ... okay on input line 30.
LaTeX Font Info:    Checking defaults for OMX/cmex/m/n on input line 30.
LaTeX Font Info:    ... okay on input line 30.
LaTeX Font Info:    Checking defaults for U/cmr/m/n on input line 30.
LaTeX Font Info:    ... okay on input line 30.

*geometry* driver: auto-detecting
*geometry* detected driver: pdftex

Package geometry Warning: The marginal notes overrun the paper.
     Add 39.865pt and more to the right margin.

*geometry* verbose mode - [ preamble ] result:
* driver: pdftex
* paper: <default>
* layout: <same size as paper>
* layoutoffset:(h,v)=(0.0pt,0.0pt)
* modes: 
* h-part:(L,W,R)=(36.135pt, 542.02501pt, 36.135pt)
* v-part:(T,H,B)=(72.26999pt, 650.43001pt, 72.26999pt)
* \paperwidth=614.295pt
* \paperheight=794.96999pt
* \textwidth=542.02501pt
* \textheight=650.43001pt
* \oddsidemargin=-36.135pt
* \evensidemargin=-36.135pt
* \topmargin=-37.0pt
* \headheight=12.0pt
* \headsep=25.0pt
* \topskip=10.0pt
* \footskip=30.0pt
* \marginparwidth=65.0pt
* \marginparsep=11.0pt
* \columnsep=10.0pt
* \skip\footins=9.0pt plus 4.0pt minus 2.0pt
* \hoffset=0.0pt
* \voffset=0.0pt
* \mag=1000
* \@twocolumnfalse
* \@twosidefalse
* \@mparswitchfalse
* \@reversemarginfalse
* (1in=72.27pt=25.4mm, 1cm=28.453pt)

(/usr/local/texlive/2013/texmf-dist/tex/context/base/supp-pdf.mkii
[Loading MPS to PDF converter (version 2006.09.02).]
\scratchcounter=\count118
\scratchdimen=\dimen127
\scratchbox=\box31
\nofMPsegments=\count119
\nofMParguments=\count120
\everyMPshowfont=\toks26
\MPscratchCnt=\count121
\MPscratchDim=\dimen128
\MPnumerator=\count122
\makeMPintoPDFobject=\count123
\everyMPtoPDFconversion=\toks27
)
\c@lstlisting=\count124
 (/usr/local/texlive/2013/texmf-dist/tex/generic/oberdiek/pdftexcmds.sty
Package: pdftexcmds 2011/11/29 v0.20 Utility functions of pdfTeX for LuaTeX (HO
)

(/usr/local/texlive/2013/texmf-dist/tex/generic/oberdiek/ifluatex.sty
Package: ifluatex 2010/03/01 v1.3 Provides the ifluatex switch (HO)
Package ifluatex Info: LuaTeX not detected.
)
Package pdftexcmds Info: LuaTeX not detected.
Package pdftexcmds Info: \pdf@primitive is available.
Package pdftexcmds Info: \pdf@ifprimitive is available.
Package pdftexcmds Info: \pdfdraftmode found.
)
(/usr/local/texlive/2013/texmf-dist/tex/latex/oberdiek/epstopdf-base.sty
Package: epstopdf-base 2010/02/09 v2.5 Base part for package epstopdf

(/usr/local/texlive/2013/texmf-dist/tex/latex/oberdiek/grfext.sty
Package: grfext 2010/08/19 v1.1 Manage graphics extensions (HO)

(/usr/local/texlive/2013/texmf-dist/tex/generic/oberdiek/kvdefinekeys.sty
Package: kvdefinekeys 2011/04/07 v1.3 Define keys (HO)
))
(/usr/local/texlive/2013/texmf-dist/tex/latex/oberdiek/kvoptions.sty
Package: kvoptions 2011/06/30 v3.11 Key value format for package options (HO)

(/usr/local/texlive/2013/texmf-dist/tex/generic/oberdiek/kvsetkeys.sty
Package: kvsetkeys 2012/04/25 v1.16 Key value parser (HO)

(/usr/local/texlive/2013/texmf-dist/tex/generic/oberdiek/etexcmds.sty
Package: etexcmds 2011/02/16 v1.5 Avoid name clashes with e-TeX commands (HO)
Package etexcmds Info: Could not find \expanded.
(etexcmds)             That can mean that you are not using pdfTeX 1.50 or
(etexcmds)             that some package has redefined \expanded.
(etexcmds)             In the latter case, load this package earlier.
)))
Package grfext Info: Graphics extension search list:
(grfext)             [.png,.pdf,.jpg,.mps,.jpeg,.jbig2,.jb2,.PNG,.PDF,.JPG,.JPE
G,.JBIG2,.JB2,.eps]
(grfext)             \AppendGraphicsExtensions on input line 452.

(/usr/local/texlive/2013/texmf-dist/tex/latex/latexconfig/epstopdf-sys.cfg
File: epstopdf-sys.cfg 2010/07/13 v1.3 Configuration of (r)epstopdf for TeX Liv
e
))
\ST@sf=\write4
\openout4 = `Hypermatrix_Algebra_Package.sagetex.sage'.

LaTeX Font Info:    Try loading font information for U+msa on input line 42.

(/usr/local/texlive/2013/texmf-dist/tex/latex/amsfonts/umsa.fd
File: umsa.fd 2013/01/14 v3.01 AMS symbols A
)
LaTeX Font Info:    Try loading font information for U+msb on input line 42.

(/usr/local/texlive/2013/texmf-dist/tex/latex/amsfonts/umsb.fd
File: umsb.fd 2013/01/14 v3.01 AMS symbols B
)
LaTeX Font Info:    Try loading font information for U+esint on input line 42.

(/usr/local/texlive/2013/texmf-dist/tex/latex/esint/uesint.fd
File: uesint.fd 
)
LaTeX Font Info:    Try loading font information for T1+cmss on input line 42.

(/usr/local/texlive/2013/texmf-dist/tex/latex/base/t1cmss.fd
File: t1cmss.fd 1999/05/25 v2.5h Standard LaTeX font definitions
)
Underfull \hbox (badness 10000) in paragraph at lines 71--87

 []

LaTeX Font Info:    Try loading font information for T1+cmtt on input line 87.
(/usr/local/texlive/2013/texmf-dist/tex/latex/base/t1cmtt.fd
File: t1cmtt.fd 1999/05/25 v2.5h Standard LaTeX font definitions
) [1

{/usr/local/texlive/2013/texmf-var/fonts/map/pdftex/updmap/pdftex.map}]

LaTeX Warning: Characters dropped after `\end{sageblock}' on input line 120.


Underfull \hbox (badness 10000) in paragraph at lines 121--123

 []

[2]

LaTeX Warning: Characters dropped after `\end{sageblock}' on input line 157.


Underfull \hbox (badness 10000) in paragraph at lines 166--169

 []


LaTeX Warning: Characters dropped after `\end{sageblock}' on input line 186.


Underfull \hbox (badness 10000) in paragraph at lines 192--197

 []

[3]

LaTeX Warning: Characters dropped after `\end{sageblock}' on input line 249.


Underfull \hbox (badness 10000) in paragraph at lines 254--258

 []

[4]

LaTeX Warning: Characters dropped after `\end{sageblock}' on input line 289.


Underfull \hbox (badness 10000) in paragraph at lines 294--297

 []

[5]

LaTeX Warning: Characters dropped after `\end{sageblock}' on input line 333.


Underfull \hbox (badness 10000) in paragraph at lines 334--335

 []


LaTeX Warning: Characters dropped after `\end{sageblock}' on input line 371.


Underfull \hbox (badness 10000) in paragraph at lines 385--388

 []

[6]

LaTeX Warning: Characters dropped after `\end{sageblock}' on input line 419.


Underfull \hbox (badness 10000) in paragraph at lines 426--428

 []

[7]

LaTeX Warning: Characters dropped after `\end{sageblock}' on input line 459.


Underfull \hbox (badness 10000) in paragraph at lines 460--463

 []


LaTeX Warning: Characters dropped after `\end{sageblock}' on input line 493.

[8]

LaTeX Warning: Characters dropped after `\end{sageblock}' on input line 551.

[9]
Underfull \hbox (badness 10000) in paragraph at lines 563--565

 []

[10]

LaTeX Warning: Characters dropped after `\end{sageblock}' on input line 618.


Underfull \hbox (badness 10000) in paragraph at lines 619--622

 []


LaTeX Warning: Characters dropped after `\end{sageblock}' on input line 630.


Underfull \hbox (badness 10000) in paragraph at lines 643--656

 []

[11]

LaTeX Warning: Characters dropped after `\end{sageblock}' on input line 687.


Underfull \hbox (badness 10000) in paragraph at lines 703--706

 []

[12]

LaTeX Warning: Characters dropped after `\end{sageblock}' on input line 746.


Underfull \hbox (badness 10000) in paragraph at lines 747--750

 []


LaTeX Warning: Characters dropped after `\end{sageblock}' on input line 767.


Underfull \hbox (badness 10000) in paragraph at lines 768--769

 []


LaTeX Warning: Characters dropped after `\end{sageblock}' on input line 786.

[13]

LaTeX Warning: Characters dropped after `\end{sageblock}' on input line 839.


Underfull \hbox (badness 10000) in paragraph at lines 840--844

 []

[14]

LaTeX Warning: Characters dropped after `\end{sageblock}' on input line 866.


Underfull \hbox (badness 10000) in paragraph at lines 910--916

 []

[15]

LaTeX Warning: Characters dropped after `\end{sageblock}' on input line 950.


Underfull \hbox (badness 10000) in paragraph at lines 951--954

 []


LaTeX Warning: Characters dropped after `\end{sageblock}' on input line 961.


Underfull \hbox (badness 10000) in paragraph at lines 973--977

 []

[16]

LaTeX Warning: Characters dropped after `\end{sageblock}' on input line 993.


Underfull \hbox (badness 10000) in paragraph at lines 994--996

 []


LaTeX Warning: Characters dropped after `\end{sageblock}' on input line 1017.


Underfull \hbox (badness 10000) in paragraph at lines 1018--1020

 []


LaTeX Warning: Characters dropped after `\end{sageblock}' on input line 1025.


Underfull \hbox (badness 10000) in paragraph at lines 1036--1039

 []

[17]

LaTeX Warning: Characters dropped after `\end{sageblock}' on input line 1056.


Underfull \hbox (badness 10000) in paragraph at lines 1091--1098

 []

[18]

LaTeX Warning: Characters dropped after `\end{sageblock}' on input line 1124.


Underfull \hbox (badness 10000) in paragraph at lines 1125--1131

 []

[19]

LaTeX Warning: Characters dropped after `\end{sageblock}' on input line 1180.


Underfull \hbox (badness 10000) in paragraph at lines 1196--1201

 []

[20]

LaTeX Warning: Characters dropped after `\end{sageblock}' on input line 1251.


Underfull \hbox (badness 10000) in paragraph at lines 1258--1266

 []


Overfull \hbox (14.86678pt too wide) in paragraph at lines 1273--1273
[]         \T1/cmtt/m/n/10 sage: A1=[[[0.1631135370902057,0.11600112072013125],
[0.9823708115400902,0.39605960486710756]]\[] 
 []


Overfull \hbox (25.36421pt too wide) in paragraph at lines 1275--1275
[]         \T1/cmtt/m/n/10 sage: A2=[[[0.15508921433883183,0.17820377184410963]
,[0.48648171594508205,0.01568017636082064]]\[] 
 []

[21]

LaTeX Warning: Characters dropped after `\end{sageblock}' on input line 1319.


Underfull \hbox (badness 10000) in paragraph at lines 1320--1323

 []

[22]

LaTeX Warning: Characters dropped after `\end{sageblock}' on input line 1346.


Overfull \hbox (61.52364pt too wide) in paragraph at lines 1352--1356
\T1/cmr/m/n/10 we il-lus-trate the er-ror in-duced by the pseudo-inversion by c
om-par-ing to $\OT1/cmr/bx/n/10 M$ \T1/cmr/m/n/10 the 3-hypermatrix prod-uct co
m-pu-ta-tion $\OMS/cmsy/m/n/10 ^^N []$
 []


Underfull \hbox (badness 10000) in paragraph at lines 1409--1414

 []

[23] [24] [25] [26]

LaTeX Warning: Characters dropped after `\end{sageblock}' on input line 1573.


Underfull \hbox (badness 10000) in paragraph at lines 1574--1579

 []


LaTeX Warning: Characters dropped after `\end{sageblock}' on input line 1604.


Underfull \hbox (badness 10000) in paragraph at lines 1605--1607

 []


LaTeX Warning: Characters dropped after `\end{sageblock}' on input line 1626.


Underfull \hbox (badness 10000) in paragraph at lines 1627--1628

 []

[27]

LaTeX Warning: Characters dropped after `\end{sageblock}' on input line 1646.


Underfull \hbox (badness 10000) in paragraph at lines 1647--1649

 []


LaTeX Warning: Characters dropped after `\end{sageblock}' on input line 1667.


Underfull \hbox (badness 10000) in paragraph at lines 1668--1670

 []

[28]

LaTeX Warning: Characters dropped after `\end{sageblock}' on input line 1688.


Underfull \hbox (badness 10000) in paragraph at lines 1689--1691

 []


LaTeX Warning: Characters dropped after `\end{sageblock}' on input line 1717.


Underfull \hbox (badness 10000) in paragraph at lines 1718--1719

 []

[29]

LaTeX Warning: Characters dropped after `\end{sageblock}' on input line 1744.


Underfull \hbox (badness 10000) in paragraph at lines 1745--1750

 []

[30]
*********************************************************************
[31] (./Hypermatrix_Algebra_Package.aux) ) 
Here is how much of TeX's memory you used:
 5624 strings out of 493315
 77597 string characters out of 6137904
 160872 words of memory out of 5000000
 8936 multiletter control sequences out of 15000+600000
 28822 words of font info for 81 fonts, out of 8000000 for 9000
 957 hyphenation exceptions out of 8191
 38i,13n,34p,502b,298s stack positions out of 5000i,500n,10000p,200000b,80000s
{/usr/local/texlive/2013/texmf-dist/f
onts/enc/dvips/cm-super/cm-super-t1.enc}</usr/local/texlive/2013/texmf-dist/fon
ts/type1/public/amsfonts/cm/cmbx10.pfb></usr/local/texlive/2013/texmf-dist/font
s/type1/public/amsfonts/cm/cmbx7.pfb></usr/local/texlive/2013/texmf-dist/fonts/
type1/public/amsfonts/cm/cmex10.pfb></usr/local/texlive/2013/texmf-dist/fonts/t
ype1/public/amsfonts/cm/cmmi10.pfb></usr/local/texlive/2013/texmf-dist/fonts/ty
pe1/public/amsfonts/cm/cmmi7.pfb></usr/local/texlive/2013/texmf-dist/fonts/type
1/public/amsfonts/cm/cmr10.pfb></usr/local/texlive/2013/texmf-dist/fonts/type1/
public/amsfonts/cm/cmr5.pfb></usr/local/texlive/2013/texmf-dist/fonts/type1/pub
lic/amsfonts/cm/cmr7.pfb></usr/local/texlive/2013/texmf-dist/fonts/type1/public
/amsfonts/cm/cmsy10.pfb></usr/local/texlive/2013/texmf-dist/fonts/type1/public/
amsfonts/cm/cmsy6.pfb></usr/local/texlive/2013/texmf-dist/fonts/type1/public/am
sfonts/cm/cmsy7.pfb></usr/local/texlive/2013/texmf-dist/fonts/type1/public/amsf
onts/cm/cmsy8.pfb></usr/local/texlive/2013/texmf-dist/fonts/type1/public/amsfon
ts/symbols/msbm10.pfb></usr/local/texlive/2013/texmf-dist/fonts/type1/public/cm
-super/sfbx0900.pfb></usr/local/texlive/2013/texmf-dist/fonts/type1/public/cm-s
uper/sfbx1200.pfb></usr/local/texlive/2013/texmf-dist/fonts/type1/public/cm-sup
er/sfbx1440.pfb></usr/local/texlive/2013/texmf-dist/fonts/type1/public/cm-super
/sfrm0800.pfb></usr/local/texlive/2013/texmf-dist/fonts/type1/public/cm-super/s
frm0900.pfb></usr/local/texlive/2013/texmf-dist/fonts/type1/public/cm-super/sfr
m1000.pfb></usr/local/texlive/2013/texmf-dist/fonts/type1/public/cm-super/sfrm1
200.pfb></usr/local/texlive/2013/texmf-dist/fonts/type1/public/cm-super/sfrm172
8.pfb></usr/local/texlive/2013/texmf-dist/fonts/type1/public/cm-super/sfss1000.
pfb></usr/local/texlive/2013/texmf-dist/fonts/type1/public/cm-super/sfss1728.pf
b></usr/local/texlive/2013/texmf-dist/fonts/type1/public/cm-super/sfti1000.pfb>
</usr/local/texlive/2013/texmf-dist/fonts/type1/public/cm-super/sftt1000.pfb>
Output written on Hypermatrix_Algebra_Package.pdf (31 pages, 379330 bytes).
PDF statistics:
 206 PDF objects out of 1000 (max. 8388607)
 146 compressed objects within 2 object streams
 0 named destinations out of 1000 (max. 500000)
 1 words of extra memory for PDF output out of 10000 (max. 10000000)

